0 info it worked if it ends with ok
1 verbose cli [ '/usr/bin/nodejs', '/usr/bin/npm', 'i', '-g', 'system-sleep' ]
2 info using npm@3.5.2
3 info using node@v4.2.6
4 silly loadCurrentTree Starting
5 silly install loadCurrentTree
6 silly install readGlobalPackageData
7 silly fetchPackageMetaData system-sleep
8 silly fetchNamedPackageData system-sleep
9 silly mapToRegistry name system-sleep
10 silly mapToRegistry using default registry
11 silly mapToRegistry registry https://registry.npmjs.org/
12 silly mapToRegistry uri https://registry.npmjs.org/system-sleep
13 verbose request uri https://registry.npmjs.org/system-sleep
14 verbose request no auth needed
15 info attempt registry request try #1 at 3:02:43 PM
16 verbose request id 705d03f60381a57a
17 http request GET https://registry.npmjs.org/system-sleep
18 http 200 https://registry.npmjs.org/system-sleep
19 verbose headers { date: 'Mon, 11 Jun 2018 09:32:43 GMT',
19 verbose headers   'content-type': 'application/json; charset=UTF-8',
19 verbose headers   'transfer-encoding': 'chunked',
19 verbose headers   connection: 'keep-alive',
19 verbose headers   'set-cookie': [ '__cfduid=d999f9b2ad4982f918a9bd715fbe734dc1528709563; expires=Tue, 11-Jun-19 09:32:43 GMT; path=/; domain=.registry.npmjs.org; HttpOnly' ],
19 verbose headers   'cache-control': 'max-age=300',
19 verbose headers   'cf-cache-status': 'HIT',
19 verbose headers   'cf-ray': '429312746aca89ab-MAA',
19 verbose headers   etag: 'W/"6961a15eab1f575936121447d81fb201"',
19 verbose headers   'expect-ct': 'max-age=604800, report-uri="https://report-uri.cloudflare.com/cdn-cgi/beacon/expect-ct"',
19 verbose headers   'last-modified': 'Sun, 27 May 2018 18:49:34 GMT',
19 verbose headers   vary: 'accept-encoding, accept',
19 verbose headers   server: 'cloudflare',
19 verbose headers   'content-encoding': 'gzip' }
20 silly get cb [ 200,
20 silly get   { date: 'Mon, 11 Jun 2018 09:32:43 GMT',
20 silly get     'content-type': 'application/json; charset=UTF-8',
20 silly get     'transfer-encoding': 'chunked',
20 silly get     connection: 'keep-alive',
20 silly get     'set-cookie': [ '__cfduid=d999f9b2ad4982f918a9bd715fbe734dc1528709563; expires=Tue, 11-Jun-19 09:32:43 GMT; path=/; domain=.registry.npmjs.org; HttpOnly' ],
20 silly get     'cache-control': 'max-age=300',
20 silly get     'cf-cache-status': 'HIT',
20 silly get     'cf-ray': '429312746aca89ab-MAA',
20 silly get     etag: 'W/"6961a15eab1f575936121447d81fb201"',
20 silly get     'expect-ct': 'max-age=604800, report-uri="https://report-uri.cloudflare.com/cdn-cgi/beacon/expect-ct"',
20 silly get     'last-modified': 'Sun, 27 May 2018 18:49:34 GMT',
20 silly get     vary: 'accept-encoding, accept',
20 silly get     server: 'cloudflare',
20 silly get     'content-encoding': 'gzip' } ]
21 verbose get saving system-sleep to /home/home/.npm/registry.npmjs.org/system-sleep/.cache.json
22 silly install normalizeTree
23 silly loadCurrentTree Finishing
24 silly loadIdealTree Starting
25 silly install loadIdealTree
26 silly cloneCurrentTree Starting
27 silly install cloneCurrentTreeToIdealTree
28 silly cloneCurrentTree Finishing
29 silly loadShrinkwrap Starting
30 silly install loadShrinkwrap
31 silly loadShrinkwrap Finishing
32 silly loadAllDepsIntoIdealTree Starting
33 silly install loadAllDepsIntoIdealTree
34 silly resolveWithNewModule system-sleep@1.3.6 checking installable status
35 silly cache add args [ 'system-sleep', null ]
36 verbose cache add spec system-sleep
37 silly cache add parsed spec Result {
37 silly cache add   raw: 'system-sleep',
37 silly cache add   scope: null,
37 silly cache add   name: 'system-sleep',
37 silly cache add   rawSpec: '',
37 silly cache add   spec: 'latest',
37 silly cache add   type: 'tag' }
38 silly addNamed system-sleep@latest
39 verbose addNamed "latest" is being treated as a dist-tag for system-sleep
40 info addNameTag [ 'system-sleep', 'latest' ]
41 silly mapToRegistry name system-sleep
42 silly mapToRegistry using default registry
43 silly mapToRegistry registry https://registry.npmjs.org/
44 silly mapToRegistry uri https://registry.npmjs.org/system-sleep
45 verbose addNameTag registry:https://registry.npmjs.org/system-sleep not in flight; fetching
46 verbose get https://registry.npmjs.org/system-sleep not expired, no request
47 silly addNameTag next cb for system-sleep with tag latest
48 silly addNamed system-sleep@1.3.6
49 verbose addNamed "1.3.6" is a plain semver version for system-sleep
50 silly mapToRegistry name system-sleep
51 silly mapToRegistry using default registry
52 silly mapToRegistry registry https://registry.npmjs.org/
53 silly mapToRegistry uri https://registry.npmjs.org/system-sleep
54 verbose addRemoteTarball https://registry.npmjs.org/system-sleep/-/system-sleep-1.3.6.tgz not in flight; adding
55 verbose addRemoteTarball [ 'https://registry.npmjs.org/system-sleep/-/system-sleep-1.3.6.tgz',
55 verbose addRemoteTarball   'ed9b698ae991f3e6cee85aa0083c9a06a9b6bc03' ]
56 info retry fetch attempt 1 at 3:02:43 PM
57 info attempt registry request try #1 at 3:02:43 PM
58 http fetch GET https://registry.npmjs.org/system-sleep/-/system-sleep-1.3.6.tgz
59 http fetch 200 https://registry.npmjs.org/system-sleep/-/system-sleep-1.3.6.tgz
60 silly fetchAndShaCheck shasum ed9b698ae991f3e6cee85aa0083c9a06a9b6bc03
61 verbose addTmpTarball /tmp/npm-11314-a568387e/registry.npmjs.org/system-sleep/-/system-sleep-1.3.6.tgz not in flight; adding
62 verbose addTmpTarball already have metadata; skipping unpack for system-sleep@1.3.6
63 silly cache afterAdd system-sleep@1.3.6
64 verbose afterAdd /home/home/.npm/system-sleep/1.3.6/package/package.json not in flight; writing
65 verbose afterAdd /home/home/.npm/system-sleep/1.3.6/package/package.json written
66 silly fetchNamedPackageData deasync-promise
67 silly mapToRegistry name deasync-promise
68 silly mapToRegistry using default registry
69 silly mapToRegistry registry https://registry.npmjs.org/
70 silly mapToRegistry uri https://registry.npmjs.org/deasync-promise
71 verbose request uri https://registry.npmjs.org/deasync-promise
72 verbose request no auth needed
73 info attempt registry request try #1 at 3:02:45 PM
74 http request GET https://registry.npmjs.org/deasync-promise
75 http 200 https://registry.npmjs.org/deasync-promise
76 verbose headers { date: 'Mon, 11 Jun 2018 09:32:46 GMT',
76 verbose headers   'content-type': 'application/json; charset=UTF-8',
76 verbose headers   'transfer-encoding': 'chunked',
76 verbose headers   connection: 'keep-alive',
76 verbose headers   'set-cookie': [ '__cfduid=d11fe7afd89e20e1e1d74d9f1e6a45c8e1528709564; expires=Tue, 11-Jun-19 09:32:44 GMT; path=/; domain=.registry.npmjs.org; HttpOnly' ],
76 verbose headers   'cache-control': 'max-age=300',
76 verbose headers   'cf-cache-status': 'REVALIDATED',
76 verbose headers   'cf-ray': '4293127d3b5f89b1-MAA',
76 verbose headers   etag: 'W/"63b2a6981d072b771dd3a93d2cbd887e"',
76 verbose headers   'expect-ct': 'max-age=604800, report-uri="https://report-uri.cloudflare.com/cdn-cgi/beacon/expect-ct"',
76 verbose headers   'last-modified': 'Sat, 26 May 2018 21:52:17 GMT',
76 verbose headers   vary: 'accept-encoding, accept',
76 verbose headers   server: 'cloudflare',
76 verbose headers   'content-encoding': 'gzip' }
77 silly get cb [ 200,
77 silly get   { date: 'Mon, 11 Jun 2018 09:32:46 GMT',
77 silly get     'content-type': 'application/json; charset=UTF-8',
77 silly get     'transfer-encoding': 'chunked',
77 silly get     connection: 'keep-alive',
77 silly get     'set-cookie': [ '__cfduid=d11fe7afd89e20e1e1d74d9f1e6a45c8e1528709564; expires=Tue, 11-Jun-19 09:32:44 GMT; path=/; domain=.registry.npmjs.org; HttpOnly' ],
77 silly get     'cache-control': 'max-age=300',
77 silly get     'cf-cache-status': 'REVALIDATED',
77 silly get     'cf-ray': '4293127d3b5f89b1-MAA',
77 silly get     etag: 'W/"63b2a6981d072b771dd3a93d2cbd887e"',
77 silly get     'expect-ct': 'max-age=604800, report-uri="https://report-uri.cloudflare.com/cdn-cgi/beacon/expect-ct"',
77 silly get     'last-modified': 'Sat, 26 May 2018 21:52:17 GMT',
77 silly get     vary: 'accept-encoding, accept',
77 silly get     server: 'cloudflare',
77 silly get     'content-encoding': 'gzip' } ]
78 verbose get saving deasync-promise to /home/home/.npm/registry.npmjs.org/deasync-promise/.cache.json
79 silly resolveWithNewModule deasync-promise@1.0.1 checking installable status
80 silly cache add args [ 'deasync-promise@1.0.1', null ]
81 verbose cache add spec deasync-promise@1.0.1
82 silly cache add parsed spec Result {
82 silly cache add   raw: 'deasync-promise@1.0.1',
82 silly cache add   scope: null,
82 silly cache add   name: 'deasync-promise',
82 silly cache add   rawSpec: '1.0.1',
82 silly cache add   spec: '1.0.1',
82 silly cache add   type: 'version' }
83 silly addNamed deasync-promise@1.0.1
84 verbose addNamed "1.0.1" is a plain semver version for deasync-promise
85 silly mapToRegistry name deasync-promise
86 silly mapToRegistry using default registry
87 silly mapToRegistry registry https://registry.npmjs.org/
88 silly mapToRegistry uri https://registry.npmjs.org/deasync-promise
89 verbose addNameVersion registry:https://registry.npmjs.org/deasync-promise not in flight; fetching
90 verbose get https://registry.npmjs.org/deasync-promise not expired, no request
91 silly mapToRegistry name deasync-promise
92 silly mapToRegistry using default registry
93 silly mapToRegistry registry https://registry.npmjs.org/
94 silly mapToRegistry uri https://registry.npmjs.org/deasync-promise
95 verbose addRemoteTarball https://registry.npmjs.org/deasync-promise/-/deasync-promise-1.0.1.tgz not in flight; adding
96 verbose addRemoteTarball [ 'https://registry.npmjs.org/deasync-promise/-/deasync-promise-1.0.1.tgz',
96 verbose addRemoteTarball   '2b27de478167af4ef34ba99879c52ec0cedd61c2' ]
97 info retry fetch attempt 1 at 3:02:46 PM
98 info attempt registry request try #1 at 3:02:46 PM
99 http fetch GET https://registry.npmjs.org/deasync-promise/-/deasync-promise-1.0.1.tgz
100 http fetch 200 https://registry.npmjs.org/deasync-promise/-/deasync-promise-1.0.1.tgz
101 silly fetchAndShaCheck shasum 2b27de478167af4ef34ba99879c52ec0cedd61c2
102 verbose addTmpTarball /tmp/npm-11314-a568387e/registry.npmjs.org/deasync-promise/-/deasync-promise-1.0.1.tgz not in flight; adding
103 verbose addTmpTarball already have metadata; skipping unpack for deasync-promise@1.0.1
104 silly cache afterAdd deasync-promise@1.0.1
105 verbose afterAdd /home/home/.npm/deasync-promise/1.0.1/package/package.json not in flight; writing
106 verbose afterAdd /home/home/.npm/deasync-promise/1.0.1/package/package.json written
107 silly fetchNamedPackageData deasync
108 silly mapToRegistry name deasync
109 silly mapToRegistry using default registry
110 silly mapToRegistry registry https://registry.npmjs.org/
111 silly mapToRegistry uri https://registry.npmjs.org/deasync
112 verbose request uri https://registry.npmjs.org/deasync
113 verbose request no auth needed
114 info attempt registry request try #1 at 3:02:46 PM
115 http request GET https://registry.npmjs.org/deasync
116 http 200 https://registry.npmjs.org/deasync
117 verbose headers { date: 'Mon, 11 Jun 2018 09:32:46 GMT',
117 verbose headers   'content-type': 'application/json; charset=UTF-8',
117 verbose headers   'transfer-encoding': 'chunked',
117 verbose headers   connection: 'keep-alive',
117 verbose headers   'set-cookie': [ '__cfduid=d319dc05a9b007d173857875da245908f1528709566; expires=Tue, 11-Jun-19 09:32:46 GMT; path=/; domain=.registry.npmjs.org; HttpOnly' ],
117 verbose headers   'cache-control': 'max-age=300',
117 verbose headers   'cf-cache-status': 'HIT',
117 verbose headers   'cf-ray': '429312855e828957-MAA',
117 verbose headers   etag: 'W/"82dfc647ea2e1426ce2f4ba4268e82e1"',
117 verbose headers   'expect-ct': 'max-age=604800, report-uri="https://report-uri.cloudflare.com/cdn-cgi/beacon/expect-ct"',
117 verbose headers   'last-modified': 'Sat, 26 May 2018 05:42:34 GMT',
117 verbose headers   vary: 'accept-encoding, accept',
117 verbose headers   server: 'cloudflare',
117 verbose headers   'content-encoding': 'gzip' }
118 silly get cb [ 200,
118 silly get   { date: 'Mon, 11 Jun 2018 09:32:46 GMT',
118 silly get     'content-type': 'application/json; charset=UTF-8',
118 silly get     'transfer-encoding': 'chunked',
118 silly get     connection: 'keep-alive',
118 silly get     'set-cookie': [ '__cfduid=d319dc05a9b007d173857875da245908f1528709566; expires=Tue, 11-Jun-19 09:32:46 GMT; path=/; domain=.registry.npmjs.org; HttpOnly' ],
118 silly get     'cache-control': 'max-age=300',
118 silly get     'cf-cache-status': 'HIT',
118 silly get     'cf-ray': '429312855e828957-MAA',
118 silly get     etag: 'W/"82dfc647ea2e1426ce2f4ba4268e82e1"',
118 silly get     'expect-ct': 'max-age=604800, report-uri="https://report-uri.cloudflare.com/cdn-cgi/beacon/expect-ct"',
118 silly get     'last-modified': 'Sat, 26 May 2018 05:42:34 GMT',
118 silly get     vary: 'accept-encoding, accept',
118 silly get     server: 'cloudflare',
118 silly get     'content-encoding': 'gzip' } ]
119 verbose get saving deasync to /home/home/.npm/registry.npmjs.org/deasync/.cache.json
120 silly resolveWithNewModule deasync@0.1.13 checking installable status
121 silly cache add args [ 'deasync@^0.1.7', null ]
122 verbose cache add spec deasync@^0.1.7
123 silly cache add parsed spec Result {
123 silly cache add   raw: 'deasync@^0.1.7',
123 silly cache add   scope: null,
123 silly cache add   name: 'deasync',
123 silly cache add   rawSpec: '^0.1.7',
123 silly cache add   spec: '>=0.1.7 <0.2.0',
123 silly cache add   type: 'range' }
124 silly addNamed deasync@>=0.1.7 <0.2.0
125 verbose addNamed ">=0.1.7 <0.2.0" is a valid semver range for deasync
126 silly addNameRange { name: 'deasync', range: '>=0.1.7 <0.2.0', hasData: false }
127 silly mapToRegistry name deasync
128 silly mapToRegistry using default registry
129 silly mapToRegistry registry https://registry.npmjs.org/
130 silly mapToRegistry uri https://registry.npmjs.org/deasync
131 verbose addNameRange registry:https://registry.npmjs.org/deasync not in flight; fetching
132 verbose get https://registry.npmjs.org/deasync not expired, no request
133 silly addNameRange number 2 { name: 'deasync', range: '>=0.1.7 <0.2.0', hasData: true }
134 silly addNameRange versions [ 'deasync',
134 silly addNameRange   [ '0.0.3',
134 silly addNameRange     '0.0.4',
134 silly addNameRange     '0.0.5',
134 silly addNameRange     '0.0.6',
134 silly addNameRange     '0.0.7',
134 silly addNameRange     '0.0.8',
134 silly addNameRange     '0.0.9',
134 silly addNameRange     '0.0.10',
134 silly addNameRange     '0.1.0',
134 silly addNameRange     '0.1.1',
134 silly addNameRange     '0.1.2',
134 silly addNameRange     '0.1.3',
134 silly addNameRange     '0.1.4',
134 silly addNameRange     '0.1.5',
134 silly addNameRange     '0.1.6',
134 silly addNameRange     '0.1.7',
134 silly addNameRange     '0.1.8',
134 silly addNameRange     '0.1.9',
134 silly addNameRange     '0.1.10',
134 silly addNameRange     '0.1.11',
134 silly addNameRange     '0.1.12',
134 silly addNameRange     '0.1.13' ] ]
135 silly addNamed deasync@0.1.13
136 verbose addNamed "0.1.13" is a plain semver version for deasync
137 silly mapToRegistry name deasync
138 silly mapToRegistry using default registry
139 silly mapToRegistry registry https://registry.npmjs.org/
140 silly mapToRegistry uri https://registry.npmjs.org/deasync
141 verbose addRemoteTarball https://registry.npmjs.org/deasync/-/deasync-0.1.13.tgz not in flight; adding
142 verbose addRemoteTarball [ 'https://registry.npmjs.org/deasync/-/deasync-0.1.13.tgz',
142 verbose addRemoteTarball   '815c2b69bbd1117cae570152cd895661c09f20ea' ]
143 info retry fetch attempt 1 at 3:02:46 PM
144 info attempt registry request try #1 at 3:02:46 PM
145 http fetch GET https://registry.npmjs.org/deasync/-/deasync-0.1.13.tgz
146 http fetch 200 https://registry.npmjs.org/deasync/-/deasync-0.1.13.tgz
147 silly fetchAndShaCheck shasum 815c2b69bbd1117cae570152cd895661c09f20ea
148 verbose addTmpTarball /tmp/npm-11314-a568387e/registry.npmjs.org/deasync/-/deasync-0.1.13.tgz not in flight; adding
149 verbose addTmpTarball already have metadata; skipping unpack for deasync@0.1.13
150 silly cache afterAdd deasync@0.1.13
151 verbose afterAdd /home/home/.npm/deasync/0.1.13/package/package.json not in flight; writing
152 verbose afterAdd /home/home/.npm/deasync/0.1.13/package/package.json written
153 silly fetchNamedPackageData bindings
154 silly mapToRegistry name bindings
155 silly mapToRegistry using default registry
156 silly mapToRegistry registry https://registry.npmjs.org/
157 silly mapToRegistry uri https://registry.npmjs.org/bindings
158 silly fetchNamedPackageData nan
159 silly mapToRegistry name nan
160 silly mapToRegistry using default registry
161 silly mapToRegistry registry https://registry.npmjs.org/
162 silly mapToRegistry uri https://registry.npmjs.org/nan
163 verbose request uri https://registry.npmjs.org/bindings
164 verbose request no auth needed
165 info attempt registry request try #1 at 3:02:46 PM
166 http request GET https://registry.npmjs.org/bindings
167 verbose request uri https://registry.npmjs.org/nan
168 verbose request no auth needed
169 info attempt registry request try #1 at 3:02:46 PM
170 http request GET https://registry.npmjs.org/nan
171 http 200 https://registry.npmjs.org/bindings
172 verbose headers { date: 'Mon, 11 Jun 2018 09:32:46 GMT',
172 verbose headers   'content-type': 'application/json; charset=UTF-8',
172 verbose headers   'transfer-encoding': 'chunked',
172 verbose headers   connection: 'keep-alive',
172 verbose headers   'set-cookie': [ '__cfduid=d497e9fc38f40ae55da9ee006a1d239c41528709566; expires=Tue, 11-Jun-19 09:32:46 GMT; path=/; domain=.registry.npmjs.org; HttpOnly' ],
172 verbose headers   'cache-control': 'max-age=300',
172 verbose headers   'cf-cache-status': 'HIT',
172 verbose headers   'cf-ray': '42931288ae558993-MAA',
172 verbose headers   etag: 'W/"032d1e4fd790b7bf3a22d4035271b1a6"',
172 verbose headers   'expect-ct': 'max-age=604800, report-uri="https://report-uri.cloudflare.com/cdn-cgi/beacon/expect-ct"',
172 verbose headers   'last-modified': 'Sat, 26 May 2018 02:07:16 GMT',
172 verbose headers   vary: 'accept-encoding, accept',
172 verbose headers   server: 'cloudflare',
172 verbose headers   'content-encoding': 'gzip' }
173 silly get cb [ 200,
173 silly get   { date: 'Mon, 11 Jun 2018 09:32:46 GMT',
173 silly get     'content-type': 'application/json; charset=UTF-8',
173 silly get     'transfer-encoding': 'chunked',
173 silly get     connection: 'keep-alive',
173 silly get     'set-cookie': [ '__cfduid=d497e9fc38f40ae55da9ee006a1d239c41528709566; expires=Tue, 11-Jun-19 09:32:46 GMT; path=/; domain=.registry.npmjs.org; HttpOnly' ],
173 silly get     'cache-control': 'max-age=300',
173 silly get     'cf-cache-status': 'HIT',
173 silly get     'cf-ray': '42931288ae558993-MAA',
173 silly get     etag: 'W/"032d1e4fd790b7bf3a22d4035271b1a6"',
173 silly get     'expect-ct': 'max-age=604800, report-uri="https://report-uri.cloudflare.com/cdn-cgi/beacon/expect-ct"',
173 silly get     'last-modified': 'Sat, 26 May 2018 02:07:16 GMT',
173 silly get     vary: 'accept-encoding, accept',
173 silly get     server: 'cloudflare',
173 silly get     'content-encoding': 'gzip' } ]
174 verbose get saving bindings to /home/home/.npm/registry.npmjs.org/bindings/.cache.json
175 silly resolveWithNewModule bindings@1.2.1 checking installable status
176 silly cache add args [ 'bindings@~1.2.1', null ]
177 verbose cache add spec bindings@~1.2.1
178 silly cache add parsed spec Result {
178 silly cache add   raw: 'bindings@~1.2.1',
178 silly cache add   scope: null,
178 silly cache add   name: 'bindings',
178 silly cache add   rawSpec: '~1.2.1',
178 silly cache add   spec: '>=1.2.1 <1.3.0',
178 silly cache add   type: 'range' }
179 silly addNamed bindings@>=1.2.1 <1.3.0
180 verbose addNamed ">=1.2.1 <1.3.0" is a valid semver range for bindings
181 silly addNameRange { name: 'bindings', range: '>=1.2.1 <1.3.0', hasData: false }
182 silly mapToRegistry name bindings
183 silly mapToRegistry using default registry
184 silly mapToRegistry registry https://registry.npmjs.org/
185 silly mapToRegistry uri https://registry.npmjs.org/bindings
186 verbose addNameRange registry:https://registry.npmjs.org/bindings not in flight; fetching
187 verbose get https://registry.npmjs.org/bindings not expired, no request
188 silly addNameRange number 2 { name: 'bindings', range: '>=1.2.1 <1.3.0', hasData: true }
189 silly addNameRange versions [ 'bindings',
189 silly addNameRange   [ '0.0.1',
189 silly addNameRange     '0.1.0',
189 silly addNameRange     '0.1.1',
189 silly addNameRange     '0.2.0',
189 silly addNameRange     '0.2.1',
189 silly addNameRange     '0.2.2',
189 silly addNameRange     '0.2.3',
189 silly addNameRange     '0.2.4',
189 silly addNameRange     '0.3.0',
189 silly addNameRange     '0.4.0',
189 silly addNameRange     '1.0.0',
189 silly addNameRange     '1.1.0',
189 silly addNameRange     '1.1.1',
189 silly addNameRange     '1.2.0',
189 silly addNameRange     '1.2.1',
189 silly addNameRange     '1.3.0' ] ]
190 silly addNamed bindings@1.2.1
191 verbose addNamed "1.2.1" is a plain semver version for bindings
192 silly mapToRegistry name bindings
193 silly mapToRegistry using default registry
194 silly mapToRegistry registry https://registry.npmjs.org/
195 silly mapToRegistry uri https://registry.npmjs.org/bindings
196 verbose addRemoteTarball https://registry.npmjs.org/bindings/-/bindings-1.2.1.tgz not in flight; adding
197 verbose addRemoteTarball [ 'https://registry.npmjs.org/bindings/-/bindings-1.2.1.tgz',
197 verbose addRemoteTarball   '14ad6113812d2d37d72e67b4cacb4bb726505f11' ]
198 info retry fetch attempt 1 at 3:02:46 PM
199 info attempt registry request try #1 at 3:02:46 PM
200 http fetch GET https://registry.npmjs.org/bindings/-/bindings-1.2.1.tgz
201 http fetch 200 https://registry.npmjs.org/bindings/-/bindings-1.2.1.tgz
202 silly fetchAndShaCheck shasum 14ad6113812d2d37d72e67b4cacb4bb726505f11
203 verbose addTmpTarball /tmp/npm-11314-a568387e/registry.npmjs.org/bindings/-/bindings-1.2.1.tgz not in flight; adding
204 verbose addTmpTarball already have metadata; skipping unpack for bindings@1.2.1
205 silly cache afterAdd bindings@1.2.1
206 verbose afterAdd /home/home/.npm/bindings/1.2.1/package/package.json not in flight; writing
207 verbose afterAdd /home/home/.npm/bindings/1.2.1/package/package.json written
208 http 200 https://registry.npmjs.org/nan
209 verbose headers { date: 'Mon, 11 Jun 2018 09:32:46 GMT',
209 verbose headers   'content-type': 'application/json; charset=UTF-8',
209 verbose headers   'transfer-encoding': 'chunked',
209 verbose headers   connection: 'keep-alive',
209 verbose headers   'set-cookie': [ '__cfduid=dbda8219479fce86b0d82c41282a2a6111528709566; expires=Tue, 11-Jun-19 09:32:46 GMT; path=/; domain=.registry.npmjs.org; HttpOnly' ],
209 verbose headers   'cache-control': 'max-age=300',
209 verbose headers   'cf-cache-status': 'HIT',
209 verbose headers   'cf-ray': '42931288a84d89c3-MAA',
209 verbose headers   etag: 'W/"249a7c29055ea21c4b8d244bd7b33a97"',
209 verbose headers   'expect-ct': 'max-age=604800, report-uri="https://report-uri.cloudflare.com/cdn-cgi/beacon/expect-ct"',
209 verbose headers   'last-modified': 'Sun, 27 May 2018 09:01:11 GMT',
209 verbose headers   vary: 'accept-encoding, accept',
209 verbose headers   server: 'cloudflare',
209 verbose headers   'content-encoding': 'gzip' }
210 silly get cb [ 200,
210 silly get   { date: 'Mon, 11 Jun 2018 09:32:46 GMT',
210 silly get     'content-type': 'application/json; charset=UTF-8',
210 silly get     'transfer-encoding': 'chunked',
210 silly get     connection: 'keep-alive',
210 silly get     'set-cookie': [ '__cfduid=dbda8219479fce86b0d82c41282a2a6111528709566; expires=Tue, 11-Jun-19 09:32:46 GMT; path=/; domain=.registry.npmjs.org; HttpOnly' ],
210 silly get     'cache-control': 'max-age=300',
210 silly get     'cf-cache-status': 'HIT',
210 silly get     'cf-ray': '42931288a84d89c3-MAA',
210 silly get     etag: 'W/"249a7c29055ea21c4b8d244bd7b33a97"',
210 silly get     'expect-ct': 'max-age=604800, report-uri="https://report-uri.cloudflare.com/cdn-cgi/beacon/expect-ct"',
210 silly get     'last-modified': 'Sun, 27 May 2018 09:01:11 GMT',
210 silly get     vary: 'accept-encoding, accept',
210 silly get     server: 'cloudflare',
210 silly get     'content-encoding': 'gzip' } ]
211 verbose get saving nan to /home/home/.npm/registry.npmjs.org/nan/.cache.json
212 silly resolveWithNewModule nan@2.10.0 checking installable status
213 silly cache add args [ 'nan@^2.0.7', null ]
214 verbose cache add spec nan@^2.0.7
215 silly cache add parsed spec Result {
215 silly cache add   raw: 'nan@^2.0.7',
215 silly cache add   scope: null,
215 silly cache add   name: 'nan',
215 silly cache add   rawSpec: '^2.0.7',
215 silly cache add   spec: '>=2.0.7 <3.0.0',
215 silly cache add   type: 'range' }
216 silly addNamed nan@>=2.0.7 <3.0.0
217 verbose addNamed ">=2.0.7 <3.0.0" is a valid semver range for nan
218 silly addNameRange { name: 'nan', range: '>=2.0.7 <3.0.0', hasData: false }
219 silly mapToRegistry name nan
220 silly mapToRegistry using default registry
221 silly mapToRegistry registry https://registry.npmjs.org/
222 silly mapToRegistry uri https://registry.npmjs.org/nan
223 verbose addNameRange registry:https://registry.npmjs.org/nan not in flight; fetching
224 verbose get https://registry.npmjs.org/nan not expired, no request
225 silly addNameRange number 2 { name: 'nan', range: '>=2.0.7 <3.0.0', hasData: true }
226 silly addNameRange versions [ 'nan',
226 silly addNameRange   [ '0.3.0-wip',
226 silly addNameRange     '0.3.0-wip2',
226 silly addNameRange     '0.3.0',
226 silly addNameRange     '0.3.1',
226 silly addNameRange     '0.3.2',
226 silly addNameRange     '0.4.0',
226 silly addNameRange     '0.4.1',
226 silly addNameRange     '0.4.2',
226 silly addNameRange     '0.4.3',
226 silly addNameRange     '0.4.4',
226 silly addNameRange     '0.5.0',
226 silly addNameRange     '0.5.1',
226 silly addNameRange     '0.5.2',
226 silly addNameRange     '0.6.0',
226 silly addNameRange     '0.7.0',
226 silly addNameRange     '0.7.1',
226 silly addNameRange     '0.8.0',
226 silly addNameRange     '1.0.0',
226 silly addNameRange     '1.1.0',
226 silly addNameRange     '1.1.1',
226 silly addNameRange     '1.1.2',
226 silly addNameRange     '1.2.0',
226 silly addNameRange     '1.3.0',
226 silly addNameRange     '1.4.0',
226 silly addNameRange     '1.4.1',
226 silly addNameRange     '1.5.0',
226 silly addNameRange     '1.4.2',
226 silly addNameRange     '1.4.3',
226 silly addNameRange     '1.5.1',
226 silly addNameRange     '1.5.2',
226 silly addNameRange     '1.6.0',
226 silly addNameRange     '1.5.3',
226 silly addNameRange     '1.6.1',
226 silly addNameRange     '1.6.2',
226 silly addNameRange     '1.7.0',
226 silly addNameRange     '1.8.0',
226 silly addNameRange     '1.8.1',
226 silly addNameRange     '1.8.2',
226 silly addNameRange     '1.8.3',
226 silly addNameRange     '1.8.4',
226 silly addNameRange     '1.9.0',
226 silly addNameRange     '2.0.0',
226 silly addNameRange     '2.0.1',
226 silly addNameRange     '2.0.2',
226 silly addNameRange     '2.0.3',
226 silly addNameRange     '2.0.4',
226 silly addNameRange     '2.0.5',
226 silly addNameRange     '2.0.6',
226 silly addNameRange     '2.0.7',
226 silly addNameRange     '2.0.8',
226 silly addNameRange     '2.0.9',
226 silly addNameRange     '2.1.0',
226 silly addNameRange     '2.2.0',
226 silly addNameRange     '2.2.1',
226 silly addNameRange     '2.3.0',
226 silly addNameRange     '2.3.1',
226 silly addNameRange     '2.3.2',
226 silly addNameRange     '2.3.3',
226 silly addNameRange     '2.3.4',
226 silly addNameRange     '2.3.5',
226 silly addNameRange     '2.4.0',
226 silly addNameRange     '2.5.0',
226 silly addNameRange     '2.5.1',
226 silly addNameRange     '2.6.0',
226 silly addNameRange     '2.6.1',
226 silly addNameRange     '2.6.2',
226 silly addNameRange     '2.7.0',
226 silly addNameRange     '2.8.0',
226 silly addNameRange     '2.9.1',
226 silly addNameRange     '2.9.2',
226 silly addNameRange     '2.10.0' ] ]
227 silly addNamed nan@2.10.0
228 verbose addNamed "2.10.0" is a plain semver version for nan
229 silly mapToRegistry name nan
230 silly mapToRegistry using default registry
231 silly mapToRegistry registry https://registry.npmjs.org/
232 silly mapToRegistry uri https://registry.npmjs.org/nan
233 verbose addRemoteTarball https://registry.npmjs.org/nan/-/nan-2.10.0.tgz not in flight; adding
234 verbose addRemoteTarball [ 'https://registry.npmjs.org/nan/-/nan-2.10.0.tgz',
234 verbose addRemoteTarball   '96d0cd610ebd58d4b4de9cc0c6828cda99c7548f' ]
235 info retry fetch attempt 1 at 3:02:47 PM
236 info attempt registry request try #1 at 3:02:47 PM
237 http fetch GET https://registry.npmjs.org/nan/-/nan-2.10.0.tgz
238 http fetch 200 https://registry.npmjs.org/nan/-/nan-2.10.0.tgz
239 silly fetchAndShaCheck shasum 96d0cd610ebd58d4b4de9cc0c6828cda99c7548f
240 verbose addTmpTarball /tmp/npm-11314-a568387e/registry.npmjs.org/nan/-/nan-2.10.0.tgz not in flight; adding
241 verbose addTmpTarball already have metadata; skipping unpack for nan@2.10.0
242 silly cache afterAdd nan@2.10.0
243 verbose afterAdd /home/home/.npm/nan/2.10.0/package/package.json not in flight; writing
244 verbose afterAdd /home/home/.npm/nan/2.10.0/package/package.json written
245 silly loadAllDepsIntoIdealTree Finishing
246 silly idealTree:prePrune lib
246 silly idealTree:prePrune └─┬ system-sleep@1.3.6
246 silly idealTree:prePrune   ├── bindings@1.2.1
246 silly idealTree:prePrune   ├── deasync-promise@1.0.1
246 silly idealTree:prePrune   ├── deasync@0.1.13
246 silly idealTree:prePrune   └── nan@2.10.0
247 silly loadIdealTree Finishing
248 silly currentTree lib
249 silly idealTree lib
249 silly idealTree └─┬ system-sleep@1.3.6
249 silly idealTree   ├── bindings@1.2.1
249 silly idealTree   ├── deasync-promise@1.0.1
249 silly idealTree   ├── deasync@0.1.13
249 silly idealTree   └── nan@2.10.0
250 silly generateActionsToTake Starting
251 silly install generateActionsToTake
252 silly generateActionsToTake Finishing
253 silly diffTrees action count 5
254 silly diffTrees add bindings@1.2.1
255 silly diffTrees add nan@2.10.0
256 silly diffTrees add deasync@0.1.13
257 silly diffTrees add deasync-promise@1.0.1
258 silly diffTrees add system-sleep@1.3.6
259 silly decomposeActions action count 40
260 silly decomposeActions fetch bindings@1.2.1
261 silly decomposeActions extract bindings@1.2.1
262 silly decomposeActions test bindings@1.2.1
263 silly decomposeActions preinstall bindings@1.2.1
264 silly decomposeActions build bindings@1.2.1
265 silly decomposeActions install bindings@1.2.1
266 silly decomposeActions postinstall bindings@1.2.1
267 silly decomposeActions finalize bindings@1.2.1
268 silly decomposeActions fetch nan@2.10.0
269 silly decomposeActions extract nan@2.10.0
270 silly decomposeActions test nan@2.10.0
271 silly decomposeActions preinstall nan@2.10.0
272 silly decomposeActions build nan@2.10.0
273 silly decomposeActions install nan@2.10.0
274 silly decomposeActions postinstall nan@2.10.0
275 silly decomposeActions finalize nan@2.10.0
276 silly decomposeActions fetch deasync@0.1.13
277 silly decomposeActions extract deasync@0.1.13
278 silly decomposeActions test deasync@0.1.13
279 silly decomposeActions preinstall deasync@0.1.13
280 silly decomposeActions build deasync@0.1.13
281 silly decomposeActions install deasync@0.1.13
282 silly decomposeActions postinstall deasync@0.1.13
283 silly decomposeActions finalize deasync@0.1.13
284 silly decomposeActions fetch deasync-promise@1.0.1
285 silly decomposeActions extract deasync-promise@1.0.1
286 silly decomposeActions test deasync-promise@1.0.1
287 silly decomposeActions preinstall deasync-promise@1.0.1
288 silly decomposeActions build deasync-promise@1.0.1
289 silly decomposeActions install deasync-promise@1.0.1
290 silly decomposeActions postinstall deasync-promise@1.0.1
291 silly decomposeActions finalize deasync-promise@1.0.1
292 silly decomposeActions fetch system-sleep@1.3.6
293 silly decomposeActions extract system-sleep@1.3.6
294 silly decomposeActions test system-sleep@1.3.6
295 silly decomposeActions preinstall system-sleep@1.3.6
296 silly decomposeActions build system-sleep@1.3.6
297 silly decomposeActions install system-sleep@1.3.6
298 silly decomposeActions postinstall system-sleep@1.3.6
299 silly decomposeActions finalize system-sleep@1.3.6
300 silly executeActions Starting
301 silly install executeActions
302 silly doSerial global-install 0
303 silly doParallel fetch 5
304 verbose lock using /home/home/.npm/_locks/staging-3a08f0df5026584d.lock for /usr/local/lib/node_modules/.staging
305 silly doParallel extract 5
306 silly extract bindings@1.2.1
307 silly extract nan@2.10.0
308 silly extract deasync@0.1.13
309 silly extract deasync-promise@1.0.1
310 silly extract system-sleep@1.3.6
311 verbose unbuild lib/node_modules/.staging/bindings-0c1c1281
312 verbose unbuild lib/node_modules/.staging/nan-58de4b3e
313 verbose unbuild lib/node_modules/.staging/deasync-22e4e3e9
314 verbose unbuild lib/node_modules/.staging/deasync-promise-a1a88dd9
315 verbose unbuild lib/node_modules/.staging/system-sleep-bbda7bc1
316 silly gentlyRm /usr/local/lib/node_modules/.staging/bindings-0c1c1281 is being purged from base /usr/local
317 verbose gentlyRm don't care about contents; nuking /usr/local/lib/node_modules/.staging/bindings-0c1c1281
318 silly gentlyRm /usr/local/lib/node_modules/.staging/nan-58de4b3e is being purged from base /usr/local
319 verbose gentlyRm don't care about contents; nuking /usr/local/lib/node_modules/.staging/nan-58de4b3e
320 silly gentlyRm /usr/local/lib/node_modules/.staging/deasync-22e4e3e9 is being purged from base /usr/local
321 verbose gentlyRm don't care about contents; nuking /usr/local/lib/node_modules/.staging/deasync-22e4e3e9
322 silly gentlyRm /usr/local/lib/node_modules/.staging/deasync-promise-a1a88dd9 is being purged from base /usr/local
323 verbose gentlyRm don't care about contents; nuking /usr/local/lib/node_modules/.staging/deasync-promise-a1a88dd9
324 silly gentlyRm /usr/local/lib/node_modules/.staging/system-sleep-bbda7bc1 is being purged from base /usr/local
325 verbose gentlyRm don't care about contents; nuking /usr/local/lib/node_modules/.staging/system-sleep-bbda7bc1
326 verbose tar unpack /home/home/.npm/bindings/1.2.1/package.tgz
327 verbose tar unpacking to /usr/local/lib/node_modules/.staging/bindings-0c1c1281
328 silly gentlyRm /usr/local/lib/node_modules/.staging/bindings-0c1c1281 is being purged
329 verbose gentlyRm don't care about contents; nuking /usr/local/lib/node_modules/.staging/bindings-0c1c1281
330 verbose tar unpack /home/home/.npm/nan/2.10.0/package.tgz
331 verbose tar unpacking to /usr/local/lib/node_modules/.staging/nan-58de4b3e
332 silly gentlyRm /usr/local/lib/node_modules/.staging/nan-58de4b3e is being purged
333 verbose gentlyRm don't care about contents; nuking /usr/local/lib/node_modules/.staging/nan-58de4b3e
334 verbose tar unpack /home/home/.npm/deasync/0.1.13/package.tgz
335 verbose tar unpacking to /usr/local/lib/node_modules/.staging/deasync-22e4e3e9
336 silly gentlyRm /usr/local/lib/node_modules/.staging/deasync-22e4e3e9 is being purged
337 verbose gentlyRm don't care about contents; nuking /usr/local/lib/node_modules/.staging/deasync-22e4e3e9
338 verbose tar unpack /home/home/.npm/deasync-promise/1.0.1/package.tgz
339 verbose tar unpacking to /usr/local/lib/node_modules/.staging/deasync-promise-a1a88dd9
340 silly gentlyRm /usr/local/lib/node_modules/.staging/deasync-promise-a1a88dd9 is being purged
341 verbose gentlyRm don't care about contents; nuking /usr/local/lib/node_modules/.staging/deasync-promise-a1a88dd9
342 verbose tar unpack /home/home/.npm/system-sleep/1.3.6/package.tgz
343 verbose tar unpacking to /usr/local/lib/node_modules/.staging/system-sleep-bbda7bc1
344 silly gentlyRm /usr/local/lib/node_modules/.staging/system-sleep-bbda7bc1 is being purged
345 verbose gentlyRm don't care about contents; nuking /usr/local/lib/node_modules/.staging/system-sleep-bbda7bc1
346 silly gunzTarPerm modes [ '755', '644' ]
347 silly gunzTarPerm modes [ '755', '644' ]
348 silly gunzTarPerm modes [ '755', '644' ]
349 silly gunzTarPerm modes [ '755', '644' ]
350 silly gunzTarPerm modes [ '755', '644' ]
351 silly gunzTarPerm extractEntry package.json
352 silly gunzTarPerm extractEntry package.json
353 silly gunzTarPerm modified mode [ 'package.json', 436, 420 ]
354 silly gunzTarPerm extractEntry package.json
355 silly gunzTarPerm modified mode [ 'package.json', 438, 420 ]
356 silly gunzTarPerm extractEntry package.json
357 silly gunzTarPerm extractEntry package.json
358 silly gunzTarPerm modified mode [ 'package.json', 438, 420 ]
359 silly gunzTarPerm extractEntry README.md
360 silly gunzTarPerm extractEntry bindings.js
361 silly gunzTarPerm extractEntry CHANGELOG.md
362 silly gunzTarPerm modified mode [ 'CHANGELOG.md', 436, 420 ]
363 silly gunzTarPerm extractEntry include_dirs.js
364 silly gunzTarPerm modified mode [ 'include_dirs.js', 436, 420 ]
365 silly gunzTarPerm extractEntry binding.gyp
366 silly gunzTarPerm modified mode [ 'binding.gyp', 438, 420 ]
367 silly gunzTarPerm extractEntry build.js
368 silly gunzTarPerm modified mode [ 'build.js', 438, 420 ]
369 silly gunzTarPerm extractEntry .npmignore
370 silly gunzTarPerm extractEntry index.js
371 silly gunzTarPerm extractEntry module.js
372 silly gunzTarPerm modified mode [ 'module.js', 438, 420 ]
373 silly gunzTarPerm extractEntry test.js
374 silly gunzTarPerm modified mode [ 'test.js', 438, 420 ]
375 silly gunzTarPerm extractEntry LICENSE.md
376 silly gunzTarPerm modified mode [ 'LICENSE.md', 436, 420 ]
377 silly gunzTarPerm extractEntry nan_callbacks_12_inl.h
378 silly gunzTarPerm modified mode [ 'nan_callbacks_12_inl.h', 436, 420 ]
379 silly gunzTarPerm extractEntry nan_callbacks_pre_12_inl.h
380 silly gunzTarPerm modified mode [ 'nan_callbacks_pre_12_inl.h', 436, 420 ]
381 silly gunzTarPerm extractEntry index.js
382 silly gunzTarPerm modified mode [ 'index.js', 438, 420 ]
383 silly gunzTarPerm extractEntry quick-test.js
384 silly gunzTarPerm modified mode [ 'quick-test.js', 438, 420 ]
385 silly gunzTarPerm extractEntry Readme.md
386 silly gunzTarPerm extractEntry readme.md
387 silly gunzTarPerm modified mode [ 'readme.md', 438, 420 ]
388 silly gunzTarPerm extractEntry nan_callbacks.h
389 silly gunzTarPerm modified mode [ 'nan_callbacks.h', 436, 420 ]
390 silly gunzTarPerm extractEntry README.md
391 silly gunzTarPerm modified mode [ 'README.md', 438, 420 ]
392 silly gunzTarPerm extractEntry test.js
393 silly gunzTarPerm modified mode [ 'test.js', 438, 420 ]
394 silly gunzTarPerm extractEntry nan_converters_43_inl.h
395 silly gunzTarPerm modified mode [ 'nan_converters_43_inl.h', 436, 420 ]
396 silly gunzTarPerm extractEntry nan_converters_pre_43_inl.h
397 silly gunzTarPerm modified mode [ 'nan_converters_pre_43_inl.h', 436, 420 ]
398 silly gunzTarPerm extractEntry bin/darwin-x64-node-0.10/deasync.node
399 silly gunzTarPerm modified mode [ 'bin/darwin-x64-node-0.10/deasync.node', 438, 420 ]
400 silly gunzTarPerm extractEntry bin/darwin-x64-node-0.11/deasync.node
401 silly gunzTarPerm modified mode [ 'bin/darwin-x64-node-0.11/deasync.node', 438, 420 ]
402 silly gunzTarPerm extractEntry nan_converters.h
403 silly gunzTarPerm modified mode [ 'nan_converters.h', 436, 420 ]
404 silly gunzTarPerm extractEntry nan_define_own_property_helper.h
405 silly gunzTarPerm modified mode [ 'nan_define_own_property_helper.h', 436, 420 ]
406 silly gunzTarPerm extractEntry bin/darwin-x64-node-0.12/deasync.node
407 silly gunzTarPerm modified mode [ 'bin/darwin-x64-node-0.12/deasync.node', 438, 420 ]
408 silly gunzTarPerm extractEntry bin/darwin-x64-node-10/deasync.node
409 silly gunzTarPerm modified mode [ 'bin/darwin-x64-node-10/deasync.node', 438, 420 ]
410 silly gunzTarPerm extractEntry nan_implementation_12_inl.h
411 silly gunzTarPerm modified mode [ 'nan_implementation_12_inl.h', 436, 420 ]
412 silly gunzTarPerm extractEntry nan_implementation_pre_12_inl.h
413 silly gunzTarPerm modified mode [ 'nan_implementation_pre_12_inl.h', 436, 420 ]
414 silly gunzTarPerm extractEntry nan_json.h
415 silly gunzTarPerm modified mode [ 'nan_json.h', 436, 420 ]
416 silly gentlyRm /usr/local/lib/node_modules/.staging/bindings-0c1c1281/node_modules is being purged
417 verbose gentlyRm don't care about contents; nuking /usr/local/lib/node_modules/.staging/bindings-0c1c1281/node_modules
418 silly gunzTarPerm extractEntry nan_maybe_43_inl.h
419 silly gunzTarPerm modified mode [ 'nan_maybe_43_inl.h', 436, 420 ]
420 silly gunzTarPerm extractEntry bin/darwin-x64-node-4/deasync.node
421 silly gunzTarPerm modified mode [ 'bin/darwin-x64-node-4/deasync.node', 438, 420 ]
422 silly gunzTarPerm extractEntry bin/darwin-x64-node-5/deasync.node
423 silly gunzTarPerm modified mode [ 'bin/darwin-x64-node-5/deasync.node', 438, 420 ]
424 silly gentlyRm /usr/local/lib/node_modules/.staging/deasync-promise-a1a88dd9/node_modules is being purged
425 verbose gentlyRm don't care about contents; nuking /usr/local/lib/node_modules/.staging/deasync-promise-a1a88dd9/node_modules
426 silly gunzTarPerm extractEntry nan_maybe_pre_43_inl.h
427 silly gunzTarPerm modified mode [ 'nan_maybe_pre_43_inl.h', 436, 420 ]
428 silly gunzTarPerm extractEntry nan_new.h
429 silly gunzTarPerm modified mode [ 'nan_new.h', 436, 420 ]
430 silly gunzTarPerm extractEntry nan_object_wrap.h
431 silly gunzTarPerm modified mode [ 'nan_object_wrap.h', 436, 420 ]
432 silly gentlyRm /usr/local/lib/node_modules/.staging/system-sleep-bbda7bc1/node_modules is being purged
433 verbose gentlyRm don't care about contents; nuking /usr/local/lib/node_modules/.staging/system-sleep-bbda7bc1/node_modules
434 silly gunzTarPerm extractEntry bin/darwin-x64-node-6/deasync.node
435 silly gunzTarPerm modified mode [ 'bin/darwin-x64-node-6/deasync.node', 438, 420 ]
436 silly gunzTarPerm extractEntry bin/darwin-x64-node-7/deasync.node
437 silly gunzTarPerm modified mode [ 'bin/darwin-x64-node-7/deasync.node', 438, 420 ]
438 silly gunzTarPerm extractEntry nan_persistent_12_inl.h
439 silly gunzTarPerm modified mode [ 'nan_persistent_12_inl.h', 436, 420 ]
440 silly gunzTarPerm extractEntry nan_persistent_pre_12_inl.h
441 silly gunzTarPerm modified mode [ 'nan_persistent_pre_12_inl.h', 436, 420 ]
442 silly gunzTarPerm extractEntry bin/darwin-x64-node-8/deasync.node
443 silly gunzTarPerm modified mode [ 'bin/darwin-x64-node-8/deasync.node', 438, 420 ]
444 silly gunzTarPerm extractEntry bin/darwin-x64-node-9/deasync.node
445 silly gunzTarPerm modified mode [ 'bin/darwin-x64-node-9/deasync.node', 438, 420 ]
446 silly gunzTarPerm extractEntry nan_private.h
447 silly gunzTarPerm modified mode [ 'nan_private.h', 436, 420 ]
448 silly gunzTarPerm extractEntry nan_string_bytes.h
449 silly gunzTarPerm modified mode [ 'nan_string_bytes.h', 436, 420 ]
450 silly gunzTarPerm extractEntry nan_typedarray_contents.h
451 silly gunzTarPerm modified mode [ 'nan_typedarray_contents.h', 436, 420 ]
452 silly gunzTarPerm extractEntry nan_weak.h
453 silly gunzTarPerm modified mode [ 'nan_weak.h', 436, 420 ]
454 silly gunzTarPerm extractEntry bin/linux-ia32-node-0.10/deasync.node
455 silly gunzTarPerm modified mode [ 'bin/linux-ia32-node-0.10/deasync.node', 438, 420 ]
456 silly gunzTarPerm extractEntry bin/linux-ia32-node-0.11/deasync.node
457 silly gunzTarPerm modified mode [ 'bin/linux-ia32-node-0.11/deasync.node', 438, 420 ]
458 silly gunzTarPerm extractEntry nan.h
459 silly gunzTarPerm modified mode [ 'nan.h', 436, 420 ]
460 silly gunzTarPerm extractEntry README.md
461 silly gunzTarPerm modified mode [ 'README.md', 436, 420 ]
462 silly gunzTarPerm extractEntry bin/linux-ia32-node-0.12/deasync.node
463 silly gunzTarPerm modified mode [ 'bin/linux-ia32-node-0.12/deasync.node', 438, 420 ]
464 silly gunzTarPerm extractEntry bin/linux-ia32-node-10/deasync.node
465 silly gunzTarPerm modified mode [ 'bin/linux-ia32-node-10/deasync.node', 438, 420 ]
466 silly gunzTarPerm extractEntry doc/asyncworker.md
467 silly gunzTarPerm modified mode [ 'doc/asyncworker.md', 436, 420 ]
468 silly gunzTarPerm extractEntry doc/buffers.md
469 silly gunzTarPerm modified mode [ 'doc/buffers.md', 436, 420 ]
470 silly gunzTarPerm extractEntry bin/linux-ia32-node-4/deasync.node
471 silly gunzTarPerm modified mode [ 'bin/linux-ia32-node-4/deasync.node', 438, 420 ]
472 silly gunzTarPerm extractEntry bin/linux-ia32-node-5/deasync.node
473 silly gunzTarPerm modified mode [ 'bin/linux-ia32-node-5/deasync.node', 438, 420 ]
474 silly gunzTarPerm extractEntry doc/callback.md
475 silly gunzTarPerm modified mode [ 'doc/callback.md', 436, 420 ]
476 silly gunzTarPerm extractEntry doc/converters.md
477 silly gunzTarPerm modified mode [ 'doc/converters.md', 436, 420 ]
478 silly gunzTarPerm extractEntry bin/linux-ia32-node-6/deasync.node
479 silly gunzTarPerm modified mode [ 'bin/linux-ia32-node-6/deasync.node', 438, 420 ]
480 silly gunzTarPerm extractEntry bin/linux-ia32-node-7/deasync.node
481 silly gunzTarPerm modified mode [ 'bin/linux-ia32-node-7/deasync.node', 438, 420 ]
482 silly gunzTarPerm extractEntry doc/errors.md
483 silly gunzTarPerm modified mode [ 'doc/errors.md', 436, 420 ]
484 silly gunzTarPerm extractEntry doc/json.md
485 silly gunzTarPerm modified mode [ 'doc/json.md', 436, 420 ]
486 silly gunzTarPerm extractEntry bin/linux-ia32-node-8/deasync.node
487 silly gunzTarPerm modified mode [ 'bin/linux-ia32-node-8/deasync.node', 438, 420 ]
488 silly gunzTarPerm extractEntry bin/linux-ia32-node-9/deasync.node
489 silly gunzTarPerm modified mode [ 'bin/linux-ia32-node-9/deasync.node', 438, 420 ]
490 silly gunzTarPerm extractEntry doc/maybe_types.md
491 silly gunzTarPerm modified mode [ 'doc/maybe_types.md', 436, 420 ]
492 silly gunzTarPerm extractEntry doc/methods.md
493 silly gunzTarPerm modified mode [ 'doc/methods.md', 436, 420 ]
494 silly gunzTarPerm extractEntry bin/linux-x64-node-0.10/deasync.node
495 silly gunzTarPerm modified mode [ 'bin/linux-x64-node-0.10/deasync.node', 438, 420 ]
496 silly gunzTarPerm extractEntry bin/linux-x64-node-0.11/deasync.node
497 silly gunzTarPerm modified mode [ 'bin/linux-x64-node-0.11/deasync.node', 438, 420 ]
498 silly gunzTarPerm extractEntry doc/new.md
499 silly gunzTarPerm modified mode [ 'doc/new.md', 436, 420 ]
500 silly gunzTarPerm extractEntry doc/node_misc.md
501 silly gunzTarPerm modified mode [ 'doc/node_misc.md', 436, 420 ]
502 silly gunzTarPerm extractEntry doc/object_wrappers.md
503 silly gunzTarPerm modified mode [ 'doc/object_wrappers.md', 436, 420 ]
504 silly gunzTarPerm extractEntry doc/persistent.md
505 silly gunzTarPerm modified mode [ 'doc/persistent.md', 436, 420 ]
506 silly gunzTarPerm extractEntry bin/linux-x64-node-0.12/deasync.node
507 silly gunzTarPerm modified mode [ 'bin/linux-x64-node-0.12/deasync.node', 438, 420 ]
508 silly gunzTarPerm extractEntry bin/linux-x64-node-10/deasync.node
509 silly gunzTarPerm modified mode [ 'bin/linux-x64-node-10/deasync.node', 438, 420 ]
510 silly gunzTarPerm extractEntry doc/scopes.md
511 silly gunzTarPerm modified mode [ 'doc/scopes.md', 436, 420 ]
512 silly gunzTarPerm extractEntry doc/script.md
513 silly gunzTarPerm modified mode [ 'doc/script.md', 436, 420 ]
514 silly gunzTarPerm extractEntry bin/linux-x64-node-4/deasync.node
515 silly gunzTarPerm modified mode [ 'bin/linux-x64-node-4/deasync.node', 438, 420 ]
516 silly gunzTarPerm extractEntry bin/linux-x64-node-5/deasync.node
517 silly gunzTarPerm modified mode [ 'bin/linux-x64-node-5/deasync.node', 438, 420 ]
518 silly gunzTarPerm extractEntry doc/string_bytes.md
519 silly gunzTarPerm modified mode [ 'doc/string_bytes.md', 436, 420 ]
520 silly gunzTarPerm extractEntry doc/v8_internals.md
521 silly gunzTarPerm modified mode [ 'doc/v8_internals.md', 436, 420 ]
522 silly gunzTarPerm extractEntry bin/linux-x64-node-6/deasync.node
523 silly gunzTarPerm modified mode [ 'bin/linux-x64-node-6/deasync.node', 438, 420 ]
524 silly gunzTarPerm extractEntry bin/linux-x64-node-7/deasync.node
525 silly gunzTarPerm modified mode [ 'bin/linux-x64-node-7/deasync.node', 438, 420 ]
526 silly gunzTarPerm extractEntry doc/v8_misc.md
527 silly gunzTarPerm modified mode [ 'doc/v8_misc.md', 436, 420 ]
528 silly gunzTarPerm extractEntry bin/linux-x64-node-8/deasync.node
529 silly gunzTarPerm modified mode [ 'bin/linux-x64-node-8/deasync.node', 438, 420 ]
530 silly gunzTarPerm extractEntry bin/linux-x64-node-9/deasync.node
531 silly gunzTarPerm modified mode [ 'bin/linux-x64-node-9/deasync.node', 438, 420 ]
532 silly gunzTarPerm extractEntry tools/1to2.js
533 silly gunzTarPerm modified mode [ 'tools/1to2.js', 509, 493 ]
534 silly gunzTarPerm extractEntry tools/package.json
535 silly gunzTarPerm modified mode [ 'tools/package.json', 436, 420 ]
536 silly gunzTarPerm extractEntry bin/win32-ia32-node-0.10/deasync.node
537 silly gunzTarPerm modified mode [ 'bin/win32-ia32-node-0.10/deasync.node', 438, 420 ]
538 silly gunzTarPerm extractEntry bin/win32-ia32-node-0.11/deasync.node
539 silly gunzTarPerm modified mode [ 'bin/win32-ia32-node-0.11/deasync.node', 438, 420 ]
540 silly gunzTarPerm extractEntry tools/README.md
541 silly gunzTarPerm modified mode [ 'tools/README.md', 436, 420 ]
542 silly gunzTarPerm extractEntry bin/win32-ia32-node-0.12/deasync.node
543 silly gunzTarPerm modified mode [ 'bin/win32-ia32-node-0.12/deasync.node', 438, 420 ]
544 silly gunzTarPerm extractEntry bin/win32-ia32-node-10/deasync.node
545 silly gunzTarPerm modified mode [ 'bin/win32-ia32-node-10/deasync.node', 438, 420 ]
546 silly gunzTarPerm extractEntry bin/win32-ia32-node-4/deasync.node
547 silly gunzTarPerm modified mode [ 'bin/win32-ia32-node-4/deasync.node', 438, 420 ]
548 silly gunzTarPerm extractEntry bin/win32-ia32-node-5/deasync.node
549 silly gunzTarPerm modified mode [ 'bin/win32-ia32-node-5/deasync.node', 438, 420 ]
550 silly gunzTarPerm extractEntry bin/win32-ia32-node-6/deasync.node
551 silly gunzTarPerm modified mode [ 'bin/win32-ia32-node-6/deasync.node', 438, 420 ]
552 silly gunzTarPerm extractEntry bin/win32-ia32-node-7/deasync.node
553 silly gunzTarPerm modified mode [ 'bin/win32-ia32-node-7/deasync.node', 438, 420 ]
554 silly gunzTarPerm extractEntry bin/win32-ia32-node-8/deasync.node
555 silly gunzTarPerm modified mode [ 'bin/win32-ia32-node-8/deasync.node', 438, 420 ]
556 silly gunzTarPerm extractEntry bin/win32-ia32-node-9/deasync.node
557 silly gunzTarPerm modified mode [ 'bin/win32-ia32-node-9/deasync.node', 438, 420 ]
558 silly gunzTarPerm extractEntry bin/win32-x64-node-0.10/deasync.node
559 silly gunzTarPerm modified mode [ 'bin/win32-x64-node-0.10/deasync.node', 438, 420 ]
560 silly gunzTarPerm extractEntry bin/win32-x64-node-0.11/deasync.node
561 silly gunzTarPerm modified mode [ 'bin/win32-x64-node-0.11/deasync.node', 438, 420 ]
562 silly gunzTarPerm extractEntry bin/win32-x64-node-0.12/deasync.node
563 silly gunzTarPerm modified mode [ 'bin/win32-x64-node-0.12/deasync.node', 438, 420 ]
564 silly gunzTarPerm extractEntry bin/win32-x64-node-10/deasync.node
565 silly gunzTarPerm modified mode [ 'bin/win32-x64-node-10/deasync.node', 438, 420 ]
566 silly gunzTarPerm extractEntry bin/win32-x64-node-4/deasync.node
567 silly gunzTarPerm modified mode [ 'bin/win32-x64-node-4/deasync.node', 438, 420 ]
568 silly gunzTarPerm extractEntry bin/win32-x64-node-5/deasync.node
569 silly gunzTarPerm modified mode [ 'bin/win32-x64-node-5/deasync.node', 438, 420 ]
570 silly gunzTarPerm extractEntry bin/win32-x64-node-6/deasync.node
571 silly gunzTarPerm modified mode [ 'bin/win32-x64-node-6/deasync.node', 438, 420 ]
572 silly gunzTarPerm extractEntry bin/win32-x64-node-7/deasync.node
573 silly gunzTarPerm modified mode [ 'bin/win32-x64-node-7/deasync.node', 438, 420 ]
574 silly gunzTarPerm extractEntry bin/win32-x64-node-8/deasync.node
575 silly gunzTarPerm modified mode [ 'bin/win32-x64-node-8/deasync.node', 438, 420 ]
576 silly gunzTarPerm extractEntry bin/win32-x64-node-9/deasync.node
577 silly gunzTarPerm modified mode [ 'bin/win32-x64-node-9/deasync.node', 438, 420 ]
578 silly gunzTarPerm extractEntry src/deasync.cc
579 silly gunzTarPerm modified mode [ 'src/deasync.cc', 438, 420 ]
580 silly gentlyRm /usr/local/lib/node_modules/.staging/nan-58de4b3e/node_modules is being purged
581 verbose gentlyRm don't care about contents; nuking /usr/local/lib/node_modules/.staging/nan-58de4b3e/node_modules
582 silly gentlyRm /usr/local/lib/node_modules/.staging/deasync-22e4e3e9/node_modules is being purged
583 verbose gentlyRm don't care about contents; nuking /usr/local/lib/node_modules/.staging/deasync-22e4e3e9/node_modules
584 silly doParallel preinstall 5
585 silly preinstall bindings@1.2.1 /usr/local/lib/node_modules/.staging/bindings-0c1c1281
586 info lifecycle bindings@1.2.1~preinstall: bindings@1.2.1
587 silly preinstall nan@2.10.0 /usr/local/lib/node_modules/.staging/nan-58de4b3e
588 info lifecycle nan@2.10.0~preinstall: nan@2.10.0
589 silly preinstall deasync@0.1.13 /usr/local/lib/node_modules/.staging/deasync-22e4e3e9
590 info lifecycle deasync@0.1.13~preinstall: deasync@0.1.13
591 silly preinstall deasync-promise@1.0.1 /usr/local/lib/node_modules/.staging/deasync-promise-a1a88dd9
592 info lifecycle deasync-promise@1.0.1~preinstall: deasync-promise@1.0.1
593 silly preinstall system-sleep@1.3.6 /usr/local/lib/node_modules/.staging/system-sleep-bbda7bc1
594 info lifecycle system-sleep@1.3.6~preinstall: system-sleep@1.3.6
595 silly lifecycle bindings@1.2.1~preinstall: no script for preinstall, continuing
596 silly lifecycle nan@2.10.0~preinstall: no script for preinstall, continuing
597 silly lifecycle deasync@0.1.13~preinstall: no script for preinstall, continuing
598 silly lifecycle deasync-promise@1.0.1~preinstall: no script for preinstall, continuing
599 silly lifecycle system-sleep@1.3.6~preinstall: no script for preinstall, continuing
600 silly doReverseSerial remove 0
601 silly doSerial move 0
602 silly doSerial finalize 5
603 silly finalize /usr/local/lib/node_modules/system-sleep/node_modules/bindings
604 silly finalize /usr/local/lib/node_modules/system-sleep/node_modules/nan
605 silly finalize /usr/local/lib/node_modules/system-sleep/node_modules/deasync
606 silly finalize /usr/local/lib/node_modules/system-sleep/node_modules/deasync-promise
607 silly finalize /usr/local/lib/node_modules/system-sleep
608 silly doSerial build 5
609 silly build bindings@1.2.1
610 info linkStuff bindings@1.2.1
611 silly linkStuff bindings@1.2.1 has /usr/local/lib/node_modules/system-sleep/node_modules as its parent node_modules
612 silly linkStuff bindings@1.2.1 is part of a global install
613 silly linkStuff bindings@1.2.1 is installed into a global node_modules
614 verbose linkBins bindings@1.2.1
615 verbose linkMans bindings@1.2.1
616 silly build nan@2.10.0
617 info linkStuff nan@2.10.0
618 silly linkStuff nan@2.10.0 has /usr/local/lib/node_modules/system-sleep/node_modules as its parent node_modules
619 silly linkStuff nan@2.10.0 is part of a global install
620 silly linkStuff nan@2.10.0 is installed into a global node_modules
621 verbose linkBins nan@2.10.0
622 verbose linkMans nan@2.10.0
623 silly build deasync@0.1.13
624 info linkStuff deasync@0.1.13
625 silly linkStuff deasync@0.1.13 has /usr/local/lib/node_modules/system-sleep/node_modules as its parent node_modules
626 silly linkStuff deasync@0.1.13 is part of a global install
627 silly linkStuff deasync@0.1.13 is installed into a global node_modules
628 verbose linkBins deasync@0.1.13
629 verbose linkMans deasync@0.1.13
630 silly build deasync-promise@1.0.1
631 info linkStuff deasync-promise@1.0.1
632 silly linkStuff deasync-promise@1.0.1 has /usr/local/lib/node_modules/system-sleep/node_modules as its parent node_modules
633 silly linkStuff deasync-promise@1.0.1 is part of a global install
634 silly linkStuff deasync-promise@1.0.1 is installed into a global node_modules
635 verbose linkBins deasync-promise@1.0.1
636 verbose linkMans deasync-promise@1.0.1
637 silly build system-sleep@1.3.6
638 info linkStuff system-sleep@1.3.6
639 silly linkStuff system-sleep@1.3.6 has /usr/local/lib/node_modules as its parent node_modules
640 silly linkStuff system-sleep@1.3.6 is part of a global install
641 silly linkStuff system-sleep@1.3.6 is installed into a global node_modules
642 silly linkStuff system-sleep@1.3.6 is installed into the top-level global node_modules
643 verbose linkBins system-sleep@1.3.6
644 verbose linkMans system-sleep@1.3.6
645 silly doSerial global-link 0
646 silly doParallel update-linked 0
647 silly doSerial install 5
648 silly install bindings@1.2.1 /usr/local/lib/node_modules/.staging/bindings-0c1c1281
649 info lifecycle bindings@1.2.1~install: bindings@1.2.1
650 silly lifecycle bindings@1.2.1~install: no script for install, continuing
651 silly install nan@2.10.0 /usr/local/lib/node_modules/.staging/nan-58de4b3e
652 info lifecycle nan@2.10.0~install: nan@2.10.0
653 silly lifecycle nan@2.10.0~install: no script for install, continuing
654 silly install deasync@0.1.13 /usr/local/lib/node_modules/.staging/deasync-22e4e3e9
655 info lifecycle deasync@0.1.13~install: deasync@0.1.13
656 verbose lifecycle deasync@0.1.13~install: unsafe-perm in lifecycle false
657 verbose lifecycle deasync@0.1.13~install: PATH: /usr/share/npm/bin/node-gyp-bin:/usr/local/lib/node_modules/system-sleep/node_modules/deasync/node_modules/.bin:/usr/local/lib/node_modules/system-sleep/node_modules/.bin:/usr/local/lib/node_modules/.bin:/usr/local/sbin:/usr/local/bin:/usr/sbin:/usr/bin:/sbin:/bin:/snap/bin
658 verbose lifecycle deasync@0.1.13~install: CWD: /usr/local/lib/node_modules/system-sleep/node_modules/deasync
659 silly lifecycle deasync@0.1.13~install: Args: [ '-c', 'node ./build.js' ]
660 info lifecycle deasync@0.1.13~install: Failed to exec install script
661 verbose unlock done using /home/home/.npm/_locks/staging-3a08f0df5026584d.lock for /usr/local/lib/node_modules/.staging
662 silly rollbackFailedOptional Starting
663 silly rollbackFailedOptional Finishing
664 silly runTopLevelLifecycles Starting
665 silly runTopLevelLifecycles Finishing
666 silly install printInstalled
667 verbose stack Error: deasync@0.1.13 install: `node ./build.js`
667 verbose stack spawn ENOENT
667 verbose stack     at ChildProcess.<anonymous> (/usr/share/npm/lib/utils/spawn.js:17:16)
667 verbose stack     at emitTwo (events.js:87:13)
667 verbose stack     at ChildProcess.emit (events.js:172:7)
667 verbose stack     at maybeClose (internal/child_process.js:821:16)
667 verbose stack     at Process.ChildProcess._handle.onexit (internal/child_process.js:211:5)
668 verbose pkgid deasync@0.1.13
669 verbose cwd /home/home/project_es
670 error Linux 4.13.0-41-generic
671 error argv "/usr/bin/nodejs" "/usr/bin/npm" "i" "-g" "system-sleep"
672 error node v4.2.6
673 error npm  v3.5.2
674 error file sh
675 error code ELIFECYCLE
676 error errno ENOENT
677 error syscall spawn
678 error deasync@0.1.13 install: `node ./build.js`
678 error spawn ENOENT
679 error Failed at the deasync@0.1.13 install script 'node ./build.js'.
679 error Make sure you have the latest version of node.js and npm installed.
679 error If you do, this is most likely a problem with the deasync package,
679 error not with npm itself.
679 error Tell the author that this fails on your system:
679 error     node ./build.js
679 error You can get information on how to open an issue for this project with:
679 error     npm bugs deasync
679 error Or if that isn't available, you can get their info via:
679 error     npm owner ls deasync
679 error There is likely additional logging output above.
680 verbose exit [ 1, true ]
