0 info it worked if it ends with ok
1 verbose cli [ '/usr/bin/nodejs', '/usr/bin/npm', 'i', '-g', 'system-sleep' ]
2 info using npm@3.5.2
3 info using node@v4.2.6
4 silly loadCurrentTree Starting
5 silly install loadCurrentTree
6 silly install readGlobalPackageData
7 silly fetchPackageMetaData system-sleep
8 silly fetchNamedPackageData system-sleep
9 silly mapToRegistry name system-sleep
10 silly mapToRegistry using default registry
11 silly mapToRegistry registry https://registry.npmjs.org/
12 silly mapToRegistry uri https://registry.npmjs.org/system-sleep
13 verbose request uri https://registry.npmjs.org/system-sleep
14 verbose request no auth needed
15 info attempt registry request try #1 at 3:30:53 PM
16 verbose request id c6f0f2ae047c80dd
17 verbose etag W/"6961a15eab1f575936121447d81fb201"
18 verbose lastModified Sun, 27 May 2018 18:49:34 GMT
19 http request GET https://registry.npmjs.org/system-sleep
20 http 304 https://registry.npmjs.org/system-sleep
21 verbose headers { date: 'Mon, 11 Jun 2018 10:00:53 GMT',
21 verbose headers   connection: 'keep-alive',
21 verbose headers   'set-cookie': [ '__cfduid=dc8f38691f4ef7f5f0262e4a6f4691d351528711253; expires=Tue, 11-Jun-19 10:00:53 GMT; path=/; domain=.registry.npmjs.org; HttpOnly' ],
21 verbose headers   'cache-control': 'max-age=300',
21 verbose headers   'cf-cache-status': 'HIT',
21 verbose headers   'cf-ray': '42933bb88d2189a5-MAA',
21 verbose headers   etag: '"6961a15eab1f575936121447d81fb201"',
21 verbose headers   'expect-ct': 'max-age=604800, report-uri="https://report-uri.cloudflare.com/cdn-cgi/beacon/expect-ct"',
21 verbose headers   'last-modified': 'Sun, 27 May 2018 18:49:34 GMT',
21 verbose headers   vary: 'accept-encoding, accept',
21 verbose headers   server: 'cloudflare' }
22 silly get cb [ 304,
22 silly get   { date: 'Mon, 11 Jun 2018 10:00:53 GMT',
22 silly get     connection: 'keep-alive',
22 silly get     'set-cookie': [ '__cfduid=dc8f38691f4ef7f5f0262e4a6f4691d351528711253; expires=Tue, 11-Jun-19 10:00:53 GMT; path=/; domain=.registry.npmjs.org; HttpOnly' ],
22 silly get     'cache-control': 'max-age=300',
22 silly get     'cf-cache-status': 'HIT',
22 silly get     'cf-ray': '42933bb88d2189a5-MAA',
22 silly get     etag: '"6961a15eab1f575936121447d81fb201"',
22 silly get     'expect-ct': 'max-age=604800, report-uri="https://report-uri.cloudflare.com/cdn-cgi/beacon/expect-ct"',
22 silly get     'last-modified': 'Sun, 27 May 2018 18:49:34 GMT',
22 silly get     vary: 'accept-encoding, accept',
22 silly get     server: 'cloudflare' } ]
23 verbose etag https://registry.npmjs.org/system-sleep from cache
24 verbose get saving system-sleep to /home/home/.npm/registry.npmjs.org/system-sleep/.cache.json
25 silly install normalizeTree
26 silly loadCurrentTree Finishing
27 silly loadIdealTree Starting
28 silly install loadIdealTree
29 silly cloneCurrentTree Starting
30 silly install cloneCurrentTreeToIdealTree
31 silly cloneCurrentTree Finishing
32 silly loadShrinkwrap Starting
33 silly install loadShrinkwrap
34 silly loadShrinkwrap Finishing
35 silly loadAllDepsIntoIdealTree Starting
36 silly install loadAllDepsIntoIdealTree
37 silly resolveWithNewModule system-sleep@1.3.6 checking installable status
38 silly cache add args [ 'system-sleep', null ]
39 verbose cache add spec system-sleep
40 silly cache add parsed spec Result {
40 silly cache add   raw: 'system-sleep',
40 silly cache add   scope: null,
40 silly cache add   name: 'system-sleep',
40 silly cache add   rawSpec: '',
40 silly cache add   spec: 'latest',
40 silly cache add   type: 'tag' }
41 silly addNamed system-sleep@latest
42 verbose addNamed "latest" is being treated as a dist-tag for system-sleep
43 info addNameTag [ 'system-sleep', 'latest' ]
44 silly mapToRegistry name system-sleep
45 silly mapToRegistry using default registry
46 silly mapToRegistry registry https://registry.npmjs.org/
47 silly mapToRegistry uri https://registry.npmjs.org/system-sleep
48 verbose addNameTag registry:https://registry.npmjs.org/system-sleep not in flight; fetching
49 verbose get https://registry.npmjs.org/system-sleep not expired, no request
50 silly addNameTag next cb for system-sleep with tag latest
51 silly addNamed system-sleep@1.3.6
52 verbose addNamed "1.3.6" is a plain semver version for system-sleep
53 silly cache afterAdd system-sleep@1.3.6
54 verbose afterAdd /home/home/.npm/system-sleep/1.3.6/package/package.json not in flight; writing
55 verbose afterAdd /home/home/.npm/system-sleep/1.3.6/package/package.json written
56 silly fetchNamedPackageData deasync-promise
57 silly mapToRegistry name deasync-promise
58 silly mapToRegistry using default registry
59 silly mapToRegistry registry https://registry.npmjs.org/
60 silly mapToRegistry uri https://registry.npmjs.org/deasync-promise
61 verbose request uri https://registry.npmjs.org/deasync-promise
62 verbose request no auth needed
63 info attempt registry request try #1 at 3:30:54 PM
64 verbose etag W/"63b2a6981d072b771dd3a93d2cbd887e"
65 verbose lastModified Sat, 26 May 2018 21:52:17 GMT
66 http request GET https://registry.npmjs.org/deasync-promise
67 http 304 https://registry.npmjs.org/deasync-promise
68 verbose headers { date: 'Mon, 11 Jun 2018 10:00:54 GMT',
68 verbose headers   connection: 'keep-alive',
68 verbose headers   'set-cookie': [ '__cfduid=df067c8b612a772971b98e3549ff19ed81528711254; expires=Tue, 11-Jun-19 10:00:54 GMT; path=/; domain=.registry.npmjs.org; HttpOnly' ],
68 verbose headers   'cache-control': 'max-age=300',
68 verbose headers   'cf-cache-status': 'HIT',
68 verbose headers   'cf-ray': '42933bb9be3b8975-MAA',
68 verbose headers   etag: '"63b2a6981d072b771dd3a93d2cbd887e"',
68 verbose headers   'expect-ct': 'max-age=604800, report-uri="https://report-uri.cloudflare.com/cdn-cgi/beacon/expect-ct"',
68 verbose headers   'last-modified': 'Sat, 26 May 2018 21:52:17 GMT',
68 verbose headers   vary: 'accept-encoding, accept',
68 verbose headers   server: 'cloudflare' }
69 silly get cb [ 304,
69 silly get   { date: 'Mon, 11 Jun 2018 10:00:54 GMT',
69 silly get     connection: 'keep-alive',
69 silly get     'set-cookie': [ '__cfduid=df067c8b612a772971b98e3549ff19ed81528711254; expires=Tue, 11-Jun-19 10:00:54 GMT; path=/; domain=.registry.npmjs.org; HttpOnly' ],
69 silly get     'cache-control': 'max-age=300',
69 silly get     'cf-cache-status': 'HIT',
69 silly get     'cf-ray': '42933bb9be3b8975-MAA',
69 silly get     etag: '"63b2a6981d072b771dd3a93d2cbd887e"',
69 silly get     'expect-ct': 'max-age=604800, report-uri="https://report-uri.cloudflare.com/cdn-cgi/beacon/expect-ct"',
69 silly get     'last-modified': 'Sat, 26 May 2018 21:52:17 GMT',
69 silly get     vary: 'accept-encoding, accept',
69 silly get     server: 'cloudflare' } ]
70 verbose etag https://registry.npmjs.org/deasync-promise from cache
71 verbose get saving deasync-promise to /home/home/.npm/registry.npmjs.org/deasync-promise/.cache.json
72 silly resolveWithNewModule deasync-promise@1.0.1 checking installable status
73 silly cache add args [ 'deasync-promise@1.0.1', null ]
74 verbose cache add spec deasync-promise@1.0.1
75 silly cache add parsed spec Result {
75 silly cache add   raw: 'deasync-promise@1.0.1',
75 silly cache add   scope: null,
75 silly cache add   name: 'deasync-promise',
75 silly cache add   rawSpec: '1.0.1',
75 silly cache add   spec: '1.0.1',
75 silly cache add   type: 'version' }
76 silly addNamed deasync-promise@1.0.1
77 verbose addNamed "1.0.1" is a plain semver version for deasync-promise
78 silly mapToRegistry name deasync-promise
79 silly mapToRegistry using default registry
80 silly mapToRegistry registry https://registry.npmjs.org/
81 silly mapToRegistry uri https://registry.npmjs.org/deasync-promise
82 verbose addNameVersion registry:https://registry.npmjs.org/deasync-promise not in flight; fetching
83 verbose get https://registry.npmjs.org/deasync-promise not expired, no request
84 silly cache afterAdd deasync-promise@1.0.1
85 verbose afterAdd /home/home/.npm/deasync-promise/1.0.1/package/package.json not in flight; writing
86 verbose afterAdd /home/home/.npm/deasync-promise/1.0.1/package/package.json written
87 silly fetchNamedPackageData deasync
88 silly mapToRegistry name deasync
89 silly mapToRegistry using default registry
90 silly mapToRegistry registry https://registry.npmjs.org/
91 silly mapToRegistry uri https://registry.npmjs.org/deasync
92 verbose request uri https://registry.npmjs.org/deasync
93 verbose request no auth needed
94 info attempt registry request try #1 at 3:30:54 PM
95 verbose etag W/"82dfc647ea2e1426ce2f4ba4268e82e1"
96 verbose lastModified Sat, 26 May 2018 05:42:34 GMT
97 http request GET https://registry.npmjs.org/deasync
98 http 304 https://registry.npmjs.org/deasync
99 verbose headers { date: 'Mon, 11 Jun 2018 10:00:54 GMT',
99 verbose headers   connection: 'keep-alive',
99 verbose headers   'set-cookie': [ '__cfduid=d69bfb02dcba988df547988b42f81eebe1528711254; expires=Tue, 11-Jun-19 10:00:54 GMT; path=/; domain=.registry.npmjs.org; HttpOnly' ],
99 verbose headers   'cache-control': 'max-age=300',
99 verbose headers   'cf-cache-status': 'HIT',
99 verbose headers   'cf-ray': '42933bba692b898d-MAA',
99 verbose headers   etag: '"82dfc647ea2e1426ce2f4ba4268e82e1"',
99 verbose headers   'expect-ct': 'max-age=604800, report-uri="https://report-uri.cloudflare.com/cdn-cgi/beacon/expect-ct"',
99 verbose headers   'last-modified': 'Sat, 26 May 2018 05:42:34 GMT',
99 verbose headers   vary: 'accept-encoding, accept',
99 verbose headers   server: 'cloudflare' }
100 silly get cb [ 304,
100 silly get   { date: 'Mon, 11 Jun 2018 10:00:54 GMT',
100 silly get     connection: 'keep-alive',
100 silly get     'set-cookie': [ '__cfduid=d69bfb02dcba988df547988b42f81eebe1528711254; expires=Tue, 11-Jun-19 10:00:54 GMT; path=/; domain=.registry.npmjs.org; HttpOnly' ],
100 silly get     'cache-control': 'max-age=300',
100 silly get     'cf-cache-status': 'HIT',
100 silly get     'cf-ray': '42933bba692b898d-MAA',
100 silly get     etag: '"82dfc647ea2e1426ce2f4ba4268e82e1"',
100 silly get     'expect-ct': 'max-age=604800, report-uri="https://report-uri.cloudflare.com/cdn-cgi/beacon/expect-ct"',
100 silly get     'last-modified': 'Sat, 26 May 2018 05:42:34 GMT',
100 silly get     vary: 'accept-encoding, accept',
100 silly get     server: 'cloudflare' } ]
101 verbose etag https://registry.npmjs.org/deasync from cache
102 verbose get saving deasync to /home/home/.npm/registry.npmjs.org/deasync/.cache.json
103 silly resolveWithNewModule deasync@0.1.13 checking installable status
104 silly cache add args [ 'deasync@^0.1.7', null ]
105 verbose cache add spec deasync@^0.1.7
106 silly cache add parsed spec Result {
106 silly cache add   raw: 'deasync@^0.1.7',
106 silly cache add   scope: null,
106 silly cache add   name: 'deasync',
106 silly cache add   rawSpec: '^0.1.7',
106 silly cache add   spec: '>=0.1.7 <0.2.0',
106 silly cache add   type: 'range' }
107 silly addNamed deasync@>=0.1.7 <0.2.0
108 verbose addNamed ">=0.1.7 <0.2.0" is a valid semver range for deasync
109 silly addNameRange { name: 'deasync', range: '>=0.1.7 <0.2.0', hasData: false }
110 silly mapToRegistry name deasync
111 silly mapToRegistry using default registry
112 silly mapToRegistry registry https://registry.npmjs.org/
113 silly mapToRegistry uri https://registry.npmjs.org/deasync
114 verbose addNameRange registry:https://registry.npmjs.org/deasync not in flight; fetching
115 verbose get https://registry.npmjs.org/deasync not expired, no request
116 silly addNameRange number 2 { name: 'deasync', range: '>=0.1.7 <0.2.0', hasData: true }
117 silly addNameRange versions [ 'deasync',
117 silly addNameRange   [ '0.0.3',
117 silly addNameRange     '0.0.4',
117 silly addNameRange     '0.0.5',
117 silly addNameRange     '0.0.6',
117 silly addNameRange     '0.0.7',
117 silly addNameRange     '0.0.8',
117 silly addNameRange     '0.0.9',
117 silly addNameRange     '0.0.10',
117 silly addNameRange     '0.1.0',
117 silly addNameRange     '0.1.1',
117 silly addNameRange     '0.1.2',
117 silly addNameRange     '0.1.3',
117 silly addNameRange     '0.1.4',
117 silly addNameRange     '0.1.5',
117 silly addNameRange     '0.1.6',
117 silly addNameRange     '0.1.7',
117 silly addNameRange     '0.1.8',
117 silly addNameRange     '0.1.9',
117 silly addNameRange     '0.1.10',
117 silly addNameRange     '0.1.11',
117 silly addNameRange     '0.1.12',
117 silly addNameRange     '0.1.13' ] ]
118 silly addNamed deasync@0.1.13
119 verbose addNamed "0.1.13" is a plain semver version for deasync
120 silly cache afterAdd deasync@0.1.13
121 verbose afterAdd /home/home/.npm/deasync/0.1.13/package/package.json not in flight; writing
122 verbose afterAdd /home/home/.npm/deasync/0.1.13/package/package.json written
123 silly fetchNamedPackageData bindings
124 silly mapToRegistry name bindings
125 silly mapToRegistry using default registry
126 silly mapToRegistry registry https://registry.npmjs.org/
127 silly mapToRegistry uri https://registry.npmjs.org/bindings
128 silly fetchNamedPackageData nan
129 silly mapToRegistry name nan
130 silly mapToRegistry using default registry
131 silly mapToRegistry registry https://registry.npmjs.org/
132 silly mapToRegistry uri https://registry.npmjs.org/nan
133 verbose request uri https://registry.npmjs.org/bindings
134 verbose request no auth needed
135 info attempt registry request try #1 at 3:30:54 PM
136 verbose etag W/"032d1e4fd790b7bf3a22d4035271b1a6"
137 verbose lastModified Sat, 26 May 2018 02:07:16 GMT
138 http request GET https://registry.npmjs.org/bindings
139 verbose request uri https://registry.npmjs.org/nan
140 verbose request no auth needed
141 info attempt registry request try #1 at 3:30:54 PM
142 verbose etag W/"249a7c29055ea21c4b8d244bd7b33a97"
143 verbose lastModified Sun, 27 May 2018 09:01:11 GMT
144 http request GET https://registry.npmjs.org/nan
145 http 304 https://registry.npmjs.org/nan
146 verbose headers { date: 'Mon, 11 Jun 2018 10:00:54 GMT',
146 verbose headers   connection: 'keep-alive',
146 verbose headers   'set-cookie': [ '__cfduid=d3feaaa5a4818cc739b0b4bab36463a031528711254; expires=Tue, 11-Jun-19 10:00:54 GMT; path=/; domain=.registry.npmjs.org; HttpOnly' ],
146 verbose headers   'cache-control': 'max-age=300',
146 verbose headers   'cf-cache-status': 'HIT',
146 verbose headers   'cf-ray': '42933bbbef7689b7-MAA',
146 verbose headers   etag: '"249a7c29055ea21c4b8d244bd7b33a97"',
146 verbose headers   'expect-ct': 'max-age=604800, report-uri="https://report-uri.cloudflare.com/cdn-cgi/beacon/expect-ct"',
146 verbose headers   'last-modified': 'Sun, 27 May 2018 09:01:11 GMT',
146 verbose headers   vary: 'accept-encoding, accept',
146 verbose headers   server: 'cloudflare' }
147 silly get cb [ 304,
147 silly get   { date: 'Mon, 11 Jun 2018 10:00:54 GMT',
147 silly get     connection: 'keep-alive',
147 silly get     'set-cookie': [ '__cfduid=d3feaaa5a4818cc739b0b4bab36463a031528711254; expires=Tue, 11-Jun-19 10:00:54 GMT; path=/; domain=.registry.npmjs.org; HttpOnly' ],
147 silly get     'cache-control': 'max-age=300',
147 silly get     'cf-cache-status': 'HIT',
147 silly get     'cf-ray': '42933bbbef7689b7-MAA',
147 silly get     etag: '"249a7c29055ea21c4b8d244bd7b33a97"',
147 silly get     'expect-ct': 'max-age=604800, report-uri="https://report-uri.cloudflare.com/cdn-cgi/beacon/expect-ct"',
147 silly get     'last-modified': 'Sun, 27 May 2018 09:01:11 GMT',
147 silly get     vary: 'accept-encoding, accept',
147 silly get     server: 'cloudflare' } ]
148 verbose etag https://registry.npmjs.org/nan from cache
149 verbose get saving nan to /home/home/.npm/registry.npmjs.org/nan/.cache.json
150 http 304 https://registry.npmjs.org/bindings
151 verbose headers { date: 'Mon, 11 Jun 2018 10:00:54 GMT',
151 verbose headers   connection: 'keep-alive',
151 verbose headers   'set-cookie': [ '__cfduid=d9bfedd3d30832fbce03727b919c956f11528711254; expires=Tue, 11-Jun-19 10:00:54 GMT; path=/; domain=.registry.npmjs.org; HttpOnly' ],
151 verbose headers   'cache-control': 'max-age=300',
151 verbose headers   'cf-cache-status': 'HIT',
151 verbose headers   'cf-ray': '42933bbbec252fe1-MAA',
151 verbose headers   etag: '"032d1e4fd790b7bf3a22d4035271b1a6"',
151 verbose headers   'expect-ct': 'max-age=604800, report-uri="https://report-uri.cloudflare.com/cdn-cgi/beacon/expect-ct"',
151 verbose headers   'last-modified': 'Sat, 26 May 2018 02:07:16 GMT',
151 verbose headers   vary: 'accept-encoding, accept',
151 verbose headers   server: 'cloudflare' }
152 silly get cb [ 304,
152 silly get   { date: 'Mon, 11 Jun 2018 10:00:54 GMT',
152 silly get     connection: 'keep-alive',
152 silly get     'set-cookie': [ '__cfduid=d9bfedd3d30832fbce03727b919c956f11528711254; expires=Tue, 11-Jun-19 10:00:54 GMT; path=/; domain=.registry.npmjs.org; HttpOnly' ],
152 silly get     'cache-control': 'max-age=300',
152 silly get     'cf-cache-status': 'HIT',
152 silly get     'cf-ray': '42933bbbec252fe1-MAA',
152 silly get     etag: '"032d1e4fd790b7bf3a22d4035271b1a6"',
152 silly get     'expect-ct': 'max-age=604800, report-uri="https://report-uri.cloudflare.com/cdn-cgi/beacon/expect-ct"',
152 silly get     'last-modified': 'Sat, 26 May 2018 02:07:16 GMT',
152 silly get     vary: 'accept-encoding, accept',
152 silly get     server: 'cloudflare' } ]
153 verbose etag https://registry.npmjs.org/bindings from cache
154 verbose get saving bindings to /home/home/.npm/registry.npmjs.org/bindings/.cache.json
155 silly resolveWithNewModule nan@2.10.0 checking installable status
156 silly cache add args [ 'nan@^2.0.7', null ]
157 verbose cache add spec nan@^2.0.7
158 silly cache add parsed spec Result {
158 silly cache add   raw: 'nan@^2.0.7',
158 silly cache add   scope: null,
158 silly cache add   name: 'nan',
158 silly cache add   rawSpec: '^2.0.7',
158 silly cache add   spec: '>=2.0.7 <3.0.0',
158 silly cache add   type: 'range' }
159 silly addNamed nan@>=2.0.7 <3.0.0
160 verbose addNamed ">=2.0.7 <3.0.0" is a valid semver range for nan
161 silly addNameRange { name: 'nan', range: '>=2.0.7 <3.0.0', hasData: false }
162 silly mapToRegistry name nan
163 silly mapToRegistry using default registry
164 silly mapToRegistry registry https://registry.npmjs.org/
165 silly mapToRegistry uri https://registry.npmjs.org/nan
166 verbose addNameRange registry:https://registry.npmjs.org/nan not in flight; fetching
167 silly resolveWithNewModule bindings@1.2.1 checking installable status
168 silly cache add args [ 'bindings@~1.2.1', null ]
169 verbose cache add spec bindings@~1.2.1
170 silly cache add parsed spec Result {
170 silly cache add   raw: 'bindings@~1.2.1',
170 silly cache add   scope: null,
170 silly cache add   name: 'bindings',
170 silly cache add   rawSpec: '~1.2.1',
170 silly cache add   spec: '>=1.2.1 <1.3.0',
170 silly cache add   type: 'range' }
171 silly addNamed bindings@>=1.2.1 <1.3.0
172 verbose addNamed ">=1.2.1 <1.3.0" is a valid semver range for bindings
173 silly addNameRange { name: 'bindings', range: '>=1.2.1 <1.3.0', hasData: false }
174 silly mapToRegistry name bindings
175 silly mapToRegistry using default registry
176 silly mapToRegistry registry https://registry.npmjs.org/
177 silly mapToRegistry uri https://registry.npmjs.org/bindings
178 verbose addNameRange registry:https://registry.npmjs.org/bindings not in flight; fetching
179 verbose get https://registry.npmjs.org/nan not expired, no request
180 silly addNameRange number 2 { name: 'nan', range: '>=2.0.7 <3.0.0', hasData: true }
181 silly addNameRange versions [ 'nan',
181 silly addNameRange   [ '0.3.0-wip',
181 silly addNameRange     '0.3.0-wip2',
181 silly addNameRange     '0.3.0',
181 silly addNameRange     '0.3.1',
181 silly addNameRange     '0.3.2',
181 silly addNameRange     '0.4.0',
181 silly addNameRange     '0.4.1',
181 silly addNameRange     '0.4.2',
181 silly addNameRange     '0.4.3',
181 silly addNameRange     '0.4.4',
181 silly addNameRange     '0.5.0',
181 silly addNameRange     '0.5.1',
181 silly addNameRange     '0.5.2',
181 silly addNameRange     '0.6.0',
181 silly addNameRange     '0.7.0',
181 silly addNameRange     '0.7.1',
181 silly addNameRange     '0.8.0',
181 silly addNameRange     '1.0.0',
181 silly addNameRange     '1.1.0',
181 silly addNameRange     '1.1.1',
181 silly addNameRange     '1.1.2',
181 silly addNameRange     '1.2.0',
181 silly addNameRange     '1.3.0',
181 silly addNameRange     '1.4.0',
181 silly addNameRange     '1.4.1',
181 silly addNameRange     '1.5.0',
181 silly addNameRange     '1.4.2',
181 silly addNameRange     '1.4.3',
181 silly addNameRange     '1.5.1',
181 silly addNameRange     '1.5.2',
181 silly addNameRange     '1.6.0',
181 silly addNameRange     '1.5.3',
181 silly addNameRange     '1.6.1',
181 silly addNameRange     '1.6.2',
181 silly addNameRange     '1.7.0',
181 silly addNameRange     '1.8.0',
181 silly addNameRange     '1.8.1',
181 silly addNameRange     '1.8.2',
181 silly addNameRange     '1.8.3',
181 silly addNameRange     '1.8.4',
181 silly addNameRange     '1.9.0',
181 silly addNameRange     '2.0.0',
181 silly addNameRange     '2.0.1',
181 silly addNameRange     '2.0.2',
181 silly addNameRange     '2.0.3',
181 silly addNameRange     '2.0.4',
181 silly addNameRange     '2.0.5',
181 silly addNameRange     '2.0.6',
181 silly addNameRange     '2.0.7',
181 silly addNameRange     '2.0.8',
181 silly addNameRange     '2.0.9',
181 silly addNameRange     '2.1.0',
181 silly addNameRange     '2.2.0',
181 silly addNameRange     '2.2.1',
181 silly addNameRange     '2.3.0',
181 silly addNameRange     '2.3.1',
181 silly addNameRange     '2.3.2',
181 silly addNameRange     '2.3.3',
181 silly addNameRange     '2.3.4',
181 silly addNameRange     '2.3.5',
181 silly addNameRange     '2.4.0',
181 silly addNameRange     '2.5.0',
181 silly addNameRange     '2.5.1',
181 silly addNameRange     '2.6.0',
181 silly addNameRange     '2.6.1',
181 silly addNameRange     '2.6.2',
181 silly addNameRange     '2.7.0',
181 silly addNameRange     '2.8.0',
181 silly addNameRange     '2.9.1',
181 silly addNameRange     '2.9.2',
181 silly addNameRange     '2.10.0' ] ]
182 silly addNamed nan@2.10.0
183 verbose addNamed "2.10.0" is a plain semver version for nan
184 verbose get https://registry.npmjs.org/bindings not expired, no request
185 silly addNameRange number 2 { name: 'bindings', range: '>=1.2.1 <1.3.0', hasData: true }
186 silly addNameRange versions [ 'bindings',
186 silly addNameRange   [ '0.0.1',
186 silly addNameRange     '0.1.0',
186 silly addNameRange     '0.1.1',
186 silly addNameRange     '0.2.0',
186 silly addNameRange     '0.2.1',
186 silly addNameRange     '0.2.2',
186 silly addNameRange     '0.2.3',
186 silly addNameRange     '0.2.4',
186 silly addNameRange     '0.3.0',
186 silly addNameRange     '0.4.0',
186 silly addNameRange     '1.0.0',
186 silly addNameRange     '1.1.0',
186 silly addNameRange     '1.1.1',
186 silly addNameRange     '1.2.0',
186 silly addNameRange     '1.2.1',
186 silly addNameRange     '1.3.0' ] ]
187 silly addNamed bindings@1.2.1
188 verbose addNamed "1.2.1" is a plain semver version for bindings
189 silly cache afterAdd nan@2.10.0
190 verbose afterAdd /home/home/.npm/nan/2.10.0/package/package.json not in flight; writing
191 silly cache afterAdd bindings@1.2.1
192 verbose afterAdd /home/home/.npm/bindings/1.2.1/package/package.json not in flight; writing
193 verbose afterAdd /home/home/.npm/nan/2.10.0/package/package.json written
194 verbose afterAdd /home/home/.npm/bindings/1.2.1/package/package.json written
195 silly loadAllDepsIntoIdealTree Finishing
196 silly idealTree:prePrune lib
196 silly idealTree:prePrune └─┬ system-sleep@1.3.6
196 silly idealTree:prePrune   ├── bindings@1.2.1
196 silly idealTree:prePrune   ├── deasync-promise@1.0.1
196 silly idealTree:prePrune   ├── deasync@0.1.13
196 silly idealTree:prePrune   └── nan@2.10.0
197 silly loadIdealTree Finishing
198 silly currentTree lib
199 silly idealTree lib
199 silly idealTree └─┬ system-sleep@1.3.6
199 silly idealTree   ├── bindings@1.2.1
199 silly idealTree   ├── deasync-promise@1.0.1
199 silly idealTree   ├── deasync@0.1.13
199 silly idealTree   └── nan@2.10.0
200 silly generateActionsToTake Starting
201 silly install generateActionsToTake
202 warn checkPermissions Missing write access to /usr/local/lib/node_modules
203 silly rollbackFailedOptional Starting
204 silly rollbackFailedOptional Finishing
205 silly runTopLevelLifecycles Starting
206 silly runTopLevelLifecycles Finishing
207 silly install printInstalled
208 verbose stack Error: EACCES: permission denied, access '/usr/local/lib/node_modules'
208 verbose stack     at Error (native)
209 verbose cwd /home/home/project_es/Backend
210 error Linux 4.13.0-41-generic
211 error argv "/usr/bin/nodejs" "/usr/bin/npm" "i" "-g" "system-sleep"
212 error node v4.2.6
213 error npm  v3.5.2
214 error path /usr/local/lib/node_modules
215 error code EACCES
216 error errno -13
217 error syscall access
218 error Error: EACCES: permission denied, access '/usr/local/lib/node_modules'
218 error     at Error (native)
218 error  { [Error: EACCES: permission denied, access '/usr/local/lib/node_modules']
218 error   errno: -13,
218 error   code: 'EACCES',
218 error   syscall: 'access',
218 error   path: '/usr/local/lib/node_modules' }
219 error Please try running this command again as root/Administrator.
220 verbose exit [ -13, true ]
